<?xml version="1.0" encoding="UTF-8"?>
<!-- Generated by org.testng.reporters.JUnitXMLReporter -->
<testsuite hostname="NODE140" name="class-1" tests="3" failures="0" timestamp="7 Nov 2014 09:19:19 GMT" time="0.022" errors="0">
  <testcase name="New" time="0.0090" classname="com.company.testclasses.GoogleTest"/>
  <testcase name="Test" time="0.0" classname="com.company.testclasses.GoogleTest"/>
  <testcase name="Branch" time="0.0" classname="com.company.testclasses.Branch1"/>
</testsuite> <!-- class-1 -->
