<?xml version="1.0" encoding="UTF-8"?>
<testng-results skipped="0" failed="0" total="2" passed="2">
  <reporter-output>
  </reporter-output>
  <suite name="com.company.testclasses.GoogleTest" duration-ms="20" started-at="2014-11-07T09:33:07Z" finished-at="2014-11-07T09:33:07Z">
    <groups>
    </groups>
    <test name="Command line test" duration-ms="20" started-at="2014-11-07T09:33:07Z" finished-at="2014-11-07T09:33:07Z">
      <class name="com.company.testclasses.GoogleTest">
        <test-method status="PASS" signature="New()[pri:0, instance:com.company.testclasses.GoogleTest@626f50a8]" name="New" duration-ms="7" started-at="2014-11-07T15:03:07Z" finished-at="2014-11-07T15:03:07Z">
          <reporter-output>
          </reporter-output>
        </test-method> <!-- New -->
        <test-method status="PASS" signature="Test()[pri:0, instance:com.company.testclasses.GoogleTest@626f50a8]" name="Test" duration-ms="1" started-at="2014-11-07T15:03:07Z" finished-at="2014-11-07T15:03:07Z">
          <reporter-output>
          </reporter-output>
        </test-method> <!-- Test -->
      </class> <!-- com.company.testclasses.GoogleTest -->
    </test> <!-- Command line test -->
  </suite> <!-- com.company.testclasses.GoogleTest -->
</testng-results>
