<?xml version="1.0" encoding="UTF-8"?>
<testng-results skipped="0" failed="0" total="2" passed="2">
  <reporter-output>
  </reporter-output>
  <suite name="com.company.testclasses.GoogleTest" duration-ms="60" started-at="2014-11-07T09:03:33Z" finished-at="2014-11-07T09:03:33Z">
    <groups>
    </groups>
    <test name="Command line test" duration-ms="60" started-at="2014-11-07T09:03:33Z" finished-at="2014-11-07T09:03:33Z">
      <class name="com.company.testclasses.GoogleTest">
        <test-method status="PASS" signature="New()[pri:0, instance:com.company.testclasses.GoogleTest@2f3adc56]" name="New" duration-ms="40" started-at="2014-11-07T14:33:33Z" finished-at="2014-11-07T14:33:33Z">
          <reporter-output>
          </reporter-output>
        </test-method> <!-- New -->
        <test-method status="PASS" signature="Test()[pri:0, instance:com.company.testclasses.GoogleTest@2f3adc56]" name="Test" duration-ms="0" started-at="2014-11-07T14:33:33Z" finished-at="2014-11-07T14:33:33Z">
          <reporter-output>
          </reporter-output>
        </test-method> <!-- Test -->
      </class> <!-- com.company.testclasses.GoogleTest -->
    </test> <!-- Command line test -->
  </suite> <!-- com.company.testclasses.GoogleTest -->
</testng-results>
