<?xml version="1.0" encoding="UTF-8"?>
<testng-results skipped="0" failed="0" total="2" passed="2">
  <reporter-output>
  </reporter-output>
  <suite name="Suite-1" duration-ms="23" started-at="2014-11-07T10:28:13Z" finished-at="2014-11-07T10:28:13Z">
    <groups>
    </groups>
    <test name="class-1" duration-ms="23" started-at="2014-11-07T10:28:13Z" finished-at="2014-11-07T10:28:13Z">
      <class name="com.company.testclasses.Branch1">
        <test-method status="PASS" signature="Test1()[pri:0, instance:com.company.testclasses.Branch1@2353f67e]" name="Test1" duration-ms="0" started-at="2014-11-07T15:58:13Z" finished-at="2014-11-07T15:58:13Z">
          <reporter-output>
          </reporter-output>
        </test-method> <!-- Test1 -->
      </class> <!-- com.company.testclasses.Branch1 -->
      <class name="com.company.testclasses.GoogleTest">
        <test-method status="PASS" signature="Test1()[pri:0, instance:com.company.testclasses.GoogleTest@2c79a2e7]" name="Test1" duration-ms="10" started-at="2014-11-07T15:58:13Z" finished-at="2014-11-07T15:58:13Z">
          <reporter-output>
          </reporter-output>
        </test-method> <!-- Test1 -->
      </class> <!-- com.company.testclasses.GoogleTest -->
    </test> <!-- class-1 -->
  </suite> <!-- Suite-1 -->
</testng-results>
